-------------------------------------------------------------------------------
Test set: QuyTest
-------------------------------------------------------------------------------
Tests run: 3, Failures: 1, Errors: 0, Skipped: 0, Time elapsed: 0.582 s <<< FAILURE! - in QuyTest
TestStaffLogin(QuyTest)  Time elapsed: 0.356 s  <<< FAILURE!
java.lang.AssertionError
	at QuyTest.TestStaffLogin(QuyTest.java:66)

