-------------------------------------------------------------------------------
Test set: QuyTest
-------------------------------------------------------------------------------
Tests run: 6, Failures: 0, Errors: 6, Skipped: 0, Time elapsed: 0.408 s <<< FAILURE! - in QuyTest
TestStaffLogin(QuyTest)  Time elapsed: 0.288 s  <<< ERROR!
java.sql.SQLNonTransientConnectionException: The connection was refused because the database ASD was not found.
	at QuyTest.SetUp(QuyTest.java:35)
Caused by: org.apache.derby.client.am.DisconnectException: The connection was refused because the database ASD was not found.
	at QuyTest.SetUp(QuyTest.java:35)

TestStaffLogin(QuyTest)  Time elapsed: 0.288 s  <<< ERROR!
java.lang.NullPointerException
	at QuyTest.Teardown(QuyTest.java:46)

TestCustomerLogin(QuyTest)  Time elapsed: 0.009 s  <<< ERROR!
java.sql.SQLNonTransientConnectionException: The connection was refused because the database ASD was not found.
	at QuyTest.SetUp(QuyTest.java:35)
Caused by: org.apache.derby.client.am.DisconnectException: The connection was refused because the database ASD was not found.
	at QuyTest.SetUp(QuyTest.java:35)

TestCustomerLogin(QuyTest)  Time elapsed: 0.01 s  <<< ERROR!
java.lang.NullPointerException
	at QuyTest.Teardown(QuyTest.java:46)

TestValidate(QuyTest)  Time elapsed: 0.007 s  <<< ERROR!
java.sql.SQLNonTransientConnectionException: The connection was refused because the database ASD was not found.
	at QuyTest.SetUp(QuyTest.java:35)
Caused by: org.apache.derby.client.am.DisconnectException: The connection was refused because the database ASD was not found.
	at QuyTest.SetUp(QuyTest.java:35)

TestValidate(QuyTest)  Time elapsed: 0.008 s  <<< ERROR!
java.lang.NullPointerException
	at QuyTest.Teardown(QuyTest.java:46)

