<?xml version="1.0" encoding="UTF-8"?>
<testsuite xmlns:xsi="http://www.w3.org/2001/XMLSchema-instance" xsi:noNamespaceSchemaLocation="https://maven.apache.org/surefire/maven-surefire-plugin/xsd/surefire-test-report.xsd" name="QuyTest" time="0.249" tests="3" errors="0" skipped="0" failures="1">
  <properties>
[...]
</properties>
  <testcase name="TestStaffLogin" classname="QuyTest" time="0.135">
    <failure type="java.lang.AssertionError">java.lang.AssertionError
	at QuyTest.TestStaffLogin(QuyTest.java:66)
</failure>
  </testcase>
  <testcase name="TestCustomerLogin" classname="QuyTest" time="0.025"/>
  <testcase name="TestValidate" classname="QuyTest" time="0.005"/>
</testsuite>