<?xml version="1.0" encoding="UTF-8"?>
<testsuite xmlns:xsi="http://www.w3.org/2001/XMLSchema-instance" xsi:noNamespaceSchemaLocation="https://maven.apache.org/surefire/maven-surefire-plugin/xsd/surefire-test-report.xsd" name="HoangSonTest" time="0.195" tests="7" errors="0" skipped="0" failures="0">
  <properties>
[...]
</properties>
  <testcase name="TestUpdatePaymentDetail" classname="HoangSonTest" time="0.13"/>
  <testcase name="TestShowPaymentHistory1" classname="HoangSonTest" time="0.006"/>
  <testcase name="TestShowPaymentHistory2" classname="HoangSonTest" time="0.003"/>
  <testcase name="TestMakePayment" classname="HoangSonTest" time="0.007"/>
  <testcase name="TestValidate" classname="HoangSonTest" time="0.003"/>
  <testcase name="TestCreateSavePaymentDetail" classname="HoangSonTest" time="0.004"/>
  <testcase name="TestDeletePaymentDetail" classname="HoangSonTest" time="0.005"/>
</testsuite>